# JRE version: OpenJDK Runtime Environment Temurin-21.0.10+7 (21.0.10+7) (build 21.0.10+7-LTS)
# Java VM: OpenJDK 64-Bit Server VM Temurin-21.0.10+7 (21.0.10+7-LTS, mixed mode, sharing, tiered, compressed oops, compressed class ptrs, parallel gc, windows-amd64)
GC Precious Log:
 CardTable entry size: 512
 CPUs: 12 total, 12 available
 Memory: 32574M
 Large Page Support: Disabled
 NUMA Support: Disabled
 Compressed Oops: Enabled (32-bit)
 Alignments: Space 512K, Generation 512K, Heap 2M
 Heap Min Capacity: 100M
 Heap Initial Capacity: 100M
 Heap Max Capacity: 2G
 Pre-touch: Disabled
 Parallel Workers: 10
Heap:
 PSYoungGen      total 20480K, used 6286K [0x00000000d5580000, 0x00000000d6c00000, 0x0000000100000000)
  eden space 19456K, 32% used [0x00000000d5580000,0x00000000d5ba3b48,0x00000000d6880000)
  from space 1024K, 0% used [0x00000000d6a00000,0x00000000d6a00000,0x00000000d6b00000)
  to   space 1536K, 0% used [0x00000000d6880000,0x00000000d6880000,0x00000000d6a00000)
 ParOldGen       total 68608K, used 50820K [0x0000000080000000, 0x0000000084300000, 0x00000000d5580000)
  object space 68608K, 74% used [0x0000000080000000,0x00000000831a1270,0x0000000084300000)
 Metaspace       used 59003K, committed 60288K, reserved 1114112K
  class space    used 6298K, committed 6848K, reserved 1048576K
GC Heap History (20 events):
Event: 27.512 GC heap before
{Heap before GC invocations=46 (full 2):
 PSYoungGen      total 20992K, used 20288K [0x00000000d5580000, 0x00000000d6b80000, 0x0000000100000000)
  eden space 19968K, 100% used [0x00000000d5580000,0x00000000d6900000,0x00000000d6900000)
  from space 1024K, 31% used [0x00000000d6980000,0x00000000d69d0000,0x00000000d6a80000)
  to   space 512K, 0% used [0x00000000d6b00000,0x00000000d6b00000,0x00000000d6b80000)
 ParOldGen       total 68608K, used 61941K [0x0000000080000000, 0x0000000084300000, 0x00000000d5580000)
  object space 68608K, 90% used [0x0000000080000000,0x0000000083c7d5d0,0x0000000084300000)
 Metaspace       used 52606K, committed 53952K, reserved 1114112K
  class space    used 5645K, committed 6208K, reserved 1048576K
}
Event: 27.513 GC heap after
{Heap after GC invocations=46 (full 2):
 PSYoungGen      total 20480K, used 395K [0x00000000d5580000, 0x00000000d6b80000, 0x0000000100000000)
  eden space 19968K, 0% used [0x00000000d5580000,0x00000000d5580000,0x00000000d6900000)
  from space 512K, 77% used [0x00000000d6b00000,0x00000000d6b62fb0,0x00000000d6b80000)
  to   space 512K, 0% used [0x00000000d6a80000,0x00000000d6a80000,0x00000000d6b00000)
 ParOldGen       total 68608K, used 62021K [0x0000000080000000, 0x0000000084300000, 0x00000000d5580000)
  object space 68608K, 90% used [0x0000000080000000,0x0000000083c915d0,0x0000000084300000)
 Metaspace       used 52606K, committed 53952K, reserved 1114112K
  class space    used 5645K, committed 6208K, reserved 1048576K
}
Event: 27.579 GC heap before
{Heap before GC invocations=47 (full 2):
 PSYoungGen      total 20480K, used 20363K [0x00000000d5580000, 0x00000000d6b80000, 0x0000000100000000)
  eden space 19968K, 100% used [0x00000000d5580000,0x00000000d6900000,0x00000000d6900000)
  from space 512K, 77% used [0x00000000d6b00000,0x00000000d6b62fb0,0x00000000d6b80000)
  to   space 512K, 0% used [0x00000000d6a80000,0x00000000d6a80000,0x00000000d6b00000)
 ParOldGen       total 68608K, used 62021K [0x0000000080000000, 0x0000000084300000, 0x00000000d5580000)
  object space 68608K, 90% used [0x0000000080000000,0x0000000083c915d0,0x0000000084300000)
 Metaspace       used 52716K, committed 54016K, reserved 1114112K
  class space    used 5658K, committed 6208K, reserved 1048576K
}
Event: 27.580 GC heap after
{Heap after GC invocations=47 (full 2):
 PSYoungGen      total 20480K, used 506K [0x00000000d5580000, 0x00000000d6d00000, 0x0000000100000000)
  eden space 19968K, 0% used [0x00000000d5580000,0x00000000d5580000,0x00000000d6900000)
  from space 512K, 98% used [0x00000000d6a80000,0x00000000d6afe900,0x00000000d6b00000)
  to   space 2048K, 0% used [0x00000000d6b00000,0x00000000d6b00000,0x00000000d6d00000)
 ParOldGen       total 68608K, used 63196K [0x0000000080000000, 0x0000000084300000, 0x00000000d5580000)
  object space 68608K, 92% used [0x0000000080000000,0x0000000083db7340,0x0000000084300000)
 Metaspace       used 52716K, committed 54016K, reserved 1114112K
  class space    used 5658K, committed 6208K, reserved 1048576K
}
Event: 27.611 GC heap before
{Heap before GC invocations=48 (full 2):
 PSYoungGen      total 20480K, used 20474K [0x00000000d5580000, 0x00000000d6d00000, 0x0000000100000000)
  eden space 19968K, 100% used [0x00000000d5580000,0x00000000d6900000,0x00000000d6900000)
  from space 512K, 98% used [0x00000000d6a80000,0x00000000d6afe900,0x00000000d6b00000)
  to   space 2048K, 0% used [0x00000000d6b00000,0x00000000d6b00000,0x00000000d6d00000)
 ParOldGen       total 68608K, used 63196K [0x0000000080000000, 0x0000000084300000, 0x00000000d5580000)
  object space 68608K, 92% used [0x0000000080000000,0x0000000083db7340,0x0000000084300000)
 Metaspace       used 52716K, committed 54016K, reserved 1114112K
  class space    used 5658K, committed 6208K, reserved 1048576K
}
Event: 27.612 GC heap after
{Heap after GC invocations=48 (full 2):
 PSYoungGen      total 20992K, used 896K [0x00000000d5580000, 0x00000000d6c00000, 0x0000000100000000)
  eden space 19968K, 0% used [0x00000000d5580000,0x00000000d5580000,0x00000000d6900000)
  from space 1024K, 87% used [0x00000000d6b00000,0x00000000d6be0000,0x00000000d6c00000)
  to   space 1536K, 0% used [0x00000000d6900000,0x00000000d6900000,0x00000000d6a80000)
 ParOldGen       total 68608K, used 63685K [0x0000000080000000, 0x0000000084300000, 0x00000000d5580000)
  object space 68608K, 92% used [0x0000000080000000,0x0000000083e314b8,0x0000000084300000)
 Metaspace       used 52716K, committed 54016K, reserved 1114112K
  class space    used 5658K, committed 6208K, reserved 1048576K
}
Event: 27.664 GC heap before
{Heap before GC invocations=49 (full 2):
 PSYoungGen      total 20992K, used 20864K [0x00000000d5580000, 0x00000000d6c00000, 0x0000000100000000)
  eden space 19968K, 100% used [0x00000000d5580000,0x00000000d6900000,0x00000000d6900000)
  from space 1024K, 87% used [0x00000000d6b00000,0x00000000d6be0000,0x00000000d6c00000)
  to   space 1536K, 0% used [0x00000000d6900000,0x00000000d6900000,0x00000000d6a80000)
 ParOldGen       total 68608K, used 63685K [0x0000000080000000, 0x0000000084300000, 0x00000000d5580000)
  object space 68608K, 92% used [0x0000000080000000,0x0000000083e314b8,0x0000000084300000)
 Metaspace       used 52733K, committed 54016K, reserved 1114112K
  class space    used 5658K, committed 6208K, reserved 1048576K
}
Event: 27.665 GC heap after
{Heap after GC invocations=49 (full 2):
 PSYoungGen      total 21504K, used 480K [0x00000000d5580000, 0x00000000d6b80000, 0x0000000100000000)
  eden space 19968K, 0% used [0x00000000d5580000,0x00000000d5580000,0x00000000d6900000)
  from space 1536K, 31% used [0x00000000d6900000,0x00000000d6978000,0x00000000d6a80000)
  to   space 1024K, 0% used [0x00000000d6a80000,0x00000000d6a80000,0x00000000d6b80000)
 ParOldGen       total 68608K, used 64421K [0x0000000080000000, 0x0000000084300000, 0x00000000d5580000)
  object space 68608K, 93% used [0x0000000080000000,0x0000000083ee94c8,0x0000000084300000)
 Metaspace       used 52733K, committed 54016K, reserved 1114112K
  class space    used 5658K, committed 6208K, reserved 1048576K
}
Event: 27.892 GC heap before
{Heap before GC invocations=50 (full 2):
 PSYoungGen      total 21504K, used 20448K [0x00000000d5580000, 0x00000000d6b80000, 0x0000000100000000)
  eden space 19968K, 100% used [0x00000000d5580000,0x00000000d6900000,0x00000000d6900000)
  from space 1536K, 31% used [0x00000000d6900000,0x00000000d6978000,0x00000000d6a80000)
  to   space 1024K, 0% used [0x00000000d6a80000,0x00000000d6a80000,0x00000000d6b80000)
 ParOldGen       total 68608K, used 64421K [0x0000000080000000, 0x0000000084300000, 0x00000000d5580000)
  object space 68608K, 93% used [0x0000000080000000,0x0000000083ee94c8,0x0000000084300000)
 Metaspace       used 54110K, committed 55424K, reserved 1114112K
  class space    used 5836K, committed 6400K, reserved 1048576K
}
Event: 27.894 GC heap after
{Heap after GC invocations=50 (full 2):
 PSYoungGen      total 20992K, used 1001K [0x00000000d5580000, 0x00000000d6c00000, 0x0000000100000000)
  eden space 19968K, 0% used [0x00000000d5580000,0x00000000d5580000,0x00000000d6900000)
  from space 1024K, 97% used [0x00000000d6a80000,0x00000000d6b7a4f8,0x00000000d6b80000)
  to   space 1536K, 0% used [0x00000000d6900000,0x00000000d6900000,0x00000000d6a80000)
 ParOldGen       total 68608K, used 64789K [0x0000000080000000, 0x0000000084300000, 0x00000000d5580000)
  object space 68608K, 94% used [0x0000000080000000,0x0000000083f454c8,0x0000000084300000)
 Metaspace       used 54110K, committed 55424K, reserved 1114112K
  class space    used 5836K, committed 6400K, reserved 1048576K
}
Event: 28.067 GC heap before
{Heap before GC invocations=51 (full 2):
 PSYoungGen      total 20992K, used 20969K [0x00000000d5580000, 0x00000000d6c00000, 0x0000000100000000)
  eden space 19968K, 100% used [0x00000000d5580000,0x00000000d6900000,0x00000000d6900000)
  from space 1024K, 97% used [0x00000000d6a80000,0x00000000d6b7a4f8,0x00000000d6b80000)
  to   space 1536K, 0% used [0x00000000d6900000,0x00000000d6900000,0x00000000d6a80000)
 ParOldGen       total 68608K, used 64789K [0x0000000080000000, 0x0000000084300000, 0x00000000d5580000)
  object space 68608K, 94% used [0x0000000080000000,0x0000000083f454c8,0x0000000084300000)
 Metaspace       used 54778K, committed 56064K, reserved 1114112K
  class space    used 5894K, committed 6464K, reserved 1048576K
}
Event: 28.071 GC heap after
{Heap after GC invocations=51 (full 2):
 PSYoungGen      total 21504K, used 1398K [0x00000000d5580000, 0x00000000d6c00000, 0x0000000100000000)
  eden space 19968K, 0% used [0x00000000d5580000,0x00000000d5580000,0x00000000d6900000)
  from space 1536K, 91% used [0x00000000d6900000,0x00000000d6a5da40,0x00000000d6a80000)
  to   space 1536K, 0% used [0x00000000d6a80000,0x00000000d6a80000,0x00000000d6c00000)
 ParOldGen       total 68608K, used 65688K [0x0000000080000000, 0x0000000084300000, 0x00000000d5580000)
  object space 68608K, 95% used [0x0000000080000000,0x00000000840261f0,0x0000000084300000)
 Metaspace       used 54778K, committed 56064K, reserved 1114112K
  class space    used 5894K, committed 6464K, reserved 1048576K
}
Event: 28.168 GC heap before
{Heap before GC invocations=52 (full 2):
 PSYoungGen      total 21504K, used 21366K [0x00000000d5580000, 0x00000000d6c00000, 0x0000000100000000)
  eden space 19968K, 100% used [0x00000000d5580000,0x00000000d6900000,0x00000000d6900000)
  from space 1536K, 91% used [0x00000000d6900000,0x00000000d6a5da40,0x00000000d6a80000)
  to   space 1536K, 0% used [0x00000000d6a80000,0x00000000d6a80000,0x00000000d6c00000)
 ParOldGen       total 68608K, used 65688K [0x0000000080000000, 0x0000000084300000, 0x00000000d5580000)
  object space 68608K, 95% used [0x0000000080000000,0x00000000840261f0,0x0000000084300000)
 Metaspace       used 55059K, committed 56448K, reserved 1114112K
  class space    used 5910K, committed 6464K, reserved 1048576K
}
Event: 28.169 GC heap after
{Heap after GC invocations=52 (full 2):
 PSYoungGen      total 20480K, used 224K [0x00000000d5580000, 0x00000000d6b00000, 0x0000000100000000)
  eden space 19968K, 0% used [0x00000000d5580000,0x00000000d5580000,0x00000000d6900000)
  from space 512K, 43% used [0x00000000d6a80000,0x00000000d6ab8000,0x00000000d6b00000)
  to   space 1024K, 0% used [0x00000000d6900000,0x00000000d6900000,0x00000000d6a00000)
 ParOldGen       total 68608K, used 65792K [0x0000000080000000, 0x0000000084300000, 0x00000000d5580000)
  object space 68608K, 95% used [0x0000000080000000,0x00000000840401f0,0x0000000084300000)
 Metaspace       used 55059K, committed 56448K, reserved 1114112K
  class space    used 5910K, committed 6464K, reserved 1048576K
}
Event: 28.631 GC heap before
{Heap before GC invocations=53 (full 2):
 PSYoungGen      total 20480K, used 20192K [0x00000000d5580000, 0x00000000d6b00000, 0x0000000100000000)
  eden space 19968K, 100% used [0x00000000d5580000,0x00000000d6900000,0x00000000d6900000)
  from space 512K, 43% used [0x00000000d6a80000,0x00000000d6ab8000,0x00000000d6b00000)
  to   space 1024K, 0% used [0x00000000d6900000,0x00000000d6900000,0x00000000d6a00000)
 ParOldGen       total 68608K, used 65792K [0x0000000080000000, 0x0000000084300000, 0x00000000d5580000)
  object space 68608K, 95% used [0x0000000080000000,0x00000000840401f0,0x0000000084300000)
 Metaspace       used 56866K, committed 58240K, reserved 1114112K
  class space    used 6088K, committed 6656K, reserved 1048576K
}
Event: 28.632 GC heap after
{Heap after GC invocations=53 (full 2):
 PSYoungGen      total 20992K, used 480K [0x00000000d5580000, 0x00000000d6b00000, 0x0000000100000000)
  eden space 19968K, 0% used [0x00000000d5580000,0x00000000d5580000,0x00000000d6900000)
  from space 1024K, 46% used [0x00000000d6900000,0x00000000d6978000,0x00000000d6a00000)
  to   space 1024K, 0% used [0x00000000d6a00000,0x00000000d6a00000,0x00000000d6b00000)
 ParOldGen       total 68608K, used 65832K [0x0000000080000000, 0x0000000084300000, 0x00000000d5580000)
  object space 68608K, 95% used [0x0000000080000000,0x000000008404a1f0,0x0000000084300000)
 Metaspace       used 56866K, committed 58240K, reserved 1114112K
  class space    used 6088K, committed 6656K, reserved 1048576K
}
Event: 29.034 GC heap before
{Heap before GC invocations=54 (full 2):
 PSYoungGen      total 20992K, used 20448K [0x00000000d5580000, 0x00000000d6b00000, 0x0000000100000000)
  eden space 19968K, 100% used [0x00000000d5580000,0x00000000d6900000,0x00000000d6900000)
  from space 1024K, 46% used [0x00000000d6900000,0x00000000d6978000,0x00000000d6a00000)
  to   space 1024K, 0% used [0x00000000d6a00000,0x00000000d6a00000,0x00000000d6b00000)
 ParOldGen       total 68608K, used 65832K [0x0000000080000000, 0x0000000084300000, 0x00000000d5580000)
  object space 68608K, 95% used [0x0000000080000000,0x000000008404a1f0,0x0000000084300000)
 Metaspace       used 58394K, committed 59776K, reserved 1114112K
  class space    used 6252K, committed 6848K, reserved 1048576K
}
Event: 29.035 GC heap after
{Heap after GC invocations=54 (full 2):
 PSYoungGen      total 20480K, used 992K [0x00000000d5580000, 0x00000000d6c00000, 0x0000000100000000)
  eden space 19456K, 0% used [0x00000000d5580000,0x00000000d5580000,0x00000000d6880000)
  from space 1024K, 96% used [0x00000000d6a00000,0x00000000d6af8170,0x00000000d6b00000)
  to   space 1536K, 0% used [0x00000000d6880000,0x00000000d6880000,0x00000000d6a00000)
 ParOldGen       total 68608K, used 66144K [0x0000000080000000, 0x0000000084300000, 0x00000000d5580000)
  object space 68608K, 96% used [0x0000000080000000,0x00000000840981f0,0x0000000084300000)
 Metaspace       used 58394K, committed 59776K, reserved 1114112K
  class space    used 6252K, committed 6848K, reserved 1048576K
}
Event: 29.035 GC heap before
{Heap before GC invocations=55 (full 3):
 PSYoungGen      total 20480K, used 992K [0x00000000d5580000, 0x00000000d6c00000, 0x0000000100000000)
  eden space 19456K, 0% used [0x00000000d5580000,0x00000000d5580000,0x00000000d6880000)
  from space 1024K, 96% used [0x00000000d6a00000,0x00000000d6af8170,0x00000000d6b00000)
  to   space 1536K, 0% used [0x00000000d6880000,0x00000000d6880000,0x00000000d6a00000)
 ParOldGen       total 68608K, used 66144K [0x0000000080000000, 0x0000000084300000, 0x00000000d5580000)
  object space 68608K, 96% used [0x0000000080000000,0x00000000840981f0,0x0000000084300000)
 Metaspace       used 58394K, committed 59776K, reserved 1114112K
  class space    used 6252K, committed 6848K, reserved 1048576K
}
Event: 29.130 GC heap after
{Heap after GC invocations=55 (full 3):
 PSYoungGen      total 20480K, used 0K [0x00000000d5580000, 0x00000000d6c00000, 0x0000000100000000)
  eden space 19456K, 0% used [0x00000000d5580000,0x00000000d5580000,0x00000000d6880000)
  from space 1024K, 0% used [0x00000000d6a00000,0x00000000d6a00000,0x00000000d6b00000)
  to   space 1536K, 0% used [0x00000000d6880000,0x00000000d6880000,0x00000000d6a00000)
 ParOldGen       total 68608K, used 50820K [0x0000000080000000, 0x0000000084300000, 0x00000000d5580000)
  object space 68608K, 74% used [0x0000000080000000,0x00000000831a1270,0x0000000084300000)
 Metaspace       used 58387K, committed 59776K, reserved 1114112K
  class space    used 6250K, committed 6848K, reserved 1048576K
}

